<?xml version="1.0" encoding="UTF-8"?>
<robot generator="Robot 6.1.1 (Python 3.11.6 on win32)" generated="20231007 01:41:33.970" rpa="false" schemaversion="4">
<suite id="s1" name="Signup" source="C:\Automation\QAX\Robot\mark85-robot-express\Tests\Signup.robot">
<kw name="Log" library="BuiltIn" type="SETUP">
<arg>Ocorre antes da suite de testes</arg>
<doc>Logs the given message with the given level.</doc>
<msg timestamp="20231007 01:41:34.848" level="INFO">Ocorre antes da suite de testes</msg>
<status status="PASS" starttime="20231007 01:41:34.847" endtime="20231007 01:41:34.848"/>
</kw>
<test id="s1-t1" name="Devo Cadastrar um novo usuário" line="14">
<kw name="Start Session" library="Base" type="SETUP">
<kw name="New Browser" library="Browser">
<arg>browser=chromium</arg>
<arg>headless=false</arg>
<tag>BrowserControl</tag>
<tag>Setter</tag>
<doc>Create a new playwright Browser with specified options.</doc>
<msg timestamp="20231007 01:41:34.851" level="INFO">{"browser": "chromium", "headless": false, "chromiumSandbox": false, "devtools": false, "handleSIGHUP": true, "handleSIGINT": true, "handleSIGTERM": true, "slowMo": 0.0, "timeout": 30000.0, "tracesDir": "C:\\Automation\\QAX\\Robot\\mark85-robot-express\\logs\\browser\\traces\\fcf7051f-d51e-4a43-8820-cc5ad4cc6bb8"}</msg>
<msg timestamp="20231007 01:41:35.146" level="INFO">Successfully created browser with options: {"browser":"chromium","headless":false,"chromiumSandbox":false,"devtools":false,"handleSIGHUP":true,"handleSIGINT":true,"handleSIGTERM":true,"slowMo":0,"timeout":30000,"tracesDir":"C:\\Automation\\QAX\\Robot\\mark85-robot-express\\logs\\browser\\traces\\fcf7051f-d51e-4a43-8820-cc5ad4cc6bb8"}</msg>
<status status="PASS" starttime="20231007 01:41:34.850" endtime="20231007 01:41:35.146"/>
</kw>
<kw name="New Page" library="Browser">
<arg>http://localhost:3000</arg>
<tag>BrowserControl</tag>
<tag>Setter</tag>
<doc>Open a new Page.</doc>
<msg timestamp="20231007 01:41:35.644" level="INFO">Successfully initialized new page object and opened url: http://localhost:3000</msg>
<msg timestamp="20231007 01:41:35.644" level="INFO">No context was open. New context was automatically opened when this page is created.</msg>
<status status="PASS" starttime="20231007 01:41:35.147" endtime="20231007 01:41:35.644"/>
</kw>
<status status="PASS" starttime="20231007 01:41:34.850" endtime="20231007 01:41:35.644"/>
</kw>
<kw name="Create Dictionary" library="BuiltIn">
<var>${user}</var>
<arg>name=Raoni Rodrigues</arg>
<arg>email=raoni.rodriguess@gmail.com</arg>
<arg>password=pwd123</arg>
<doc>Creates and returns a dictionary based on the given ``items``.</doc>
<msg timestamp="20231007 01:41:35.645" level="INFO">${user} = {'name': 'Raoni Rodrigues', 'email': 'raoni.rodriguess@gmail.com', 'password': 'pwd123'}</msg>
<status status="PASS" starttime="20231007 01:41:35.645" endtime="20231007 01:41:35.645"/>
</kw>
<kw name="Remove user from database" library="database">
<arg>${user}[email]</arg>
<msg timestamp="20231007 01:41:36.522" level="INFO">removind user by raoni.rodriguess@gmail.com</msg>
<status status="PASS" starttime="20231007 01:41:35.646" endtime="20231007 01:41:36.522"/>
</kw>
<kw name="Go To" library="Browser">
<arg>http://localhost:3000/signup</arg>
<tag>BrowserControl</tag>
<tag>Setter</tag>
<doc>Navigates to the given ``url``.</doc>
<msg timestamp="20231007 01:41:36.594" level="INFO">Successfully opened URL http://localhost:3000/signup</msg>
<status status="PASS" starttime="20231007 01:41:36.523" endtime="20231007 01:41:36.594"/>
</kw>
<kw name="Get Title" library="Browser">
<arg>equal</arg>
<arg>Mark85 by QAx</arg>
<tag>Assertion</tag>
<tag>Getter</tag>
<tag>PageContent</tag>
<doc>Returns the title of the current page.</doc>
<msg timestamp="20231007 01:41:36.602" level="INFO">Title: 'Mark85 by QAx'</msg>
<status status="PASS" starttime="20231007 01:41:36.595" endtime="20231007 01:41:36.602"/>
</kw>
<kw name="Wait For Elements State" library="Browser">
<arg>css=h1</arg>
<arg>visible</arg>
<arg>5</arg>
<tag>PageContent</tag>
<tag>Wait</tag>
<doc>Waits for the element found by ``selector`` to satisfy state option.</doc>
<msg timestamp="20231007 01:41:36.629" level="INFO">Waited for Element with selector css=h1 at state visible</msg>
<status status="PASS" starttime="20231007 01:41:36.602" endtime="20231007 01:41:36.629"/>
</kw>
<kw name="Get Text" library="Browser">
<arg>css=h1</arg>
<arg>equal</arg>
<arg>Faça seu cadastro</arg>
<tag>Assertion</tag>
<tag>Getter</tag>
<tag>PageContent</tag>
<doc>Returns text attribute of the element found by ``selector``.</doc>
<msg timestamp="20231007 01:41:36.657" level="INFO">Text: 'Faça seu cadastro'</msg>
<status status="PASS" starttime="20231007 01:41:36.630" endtime="20231007 01:41:36.657"/>
</kw>
<kw name="Fill Text" library="Browser">
<arg>id=name</arg>
<arg>${user}[name]</arg>
<tag>PageContent</tag>
<tag>Setter</tag>
<doc>Clears and fills the given ``txt`` into the text field found by ``selector``.</doc>
<msg timestamp="20231007 01:41:36.657" level="INFO">Fills the text 'Raoni Rodrigues' in the given field.</msg>
<status status="PASS" starttime="20231007 01:41:36.657" endtime="20231007 01:41:36.680"/>
</kw>
<kw name="Fill Text" library="Browser">
<arg>id=email</arg>
<arg>${user}[email]</arg>
<tag>PageContent</tag>
<tag>Setter</tag>
<doc>Clears and fills the given ``txt`` into the text field found by ``selector``.</doc>
<msg timestamp="20231007 01:41:36.681" level="INFO">Fills the text 'raoni.rodriguess@gmail.com' in the given field.</msg>
<status status="PASS" starttime="20231007 01:41:36.680" endtime="20231007 01:41:36.697"/>
</kw>
<kw name="Fill Text" library="Browser">
<arg>id=password</arg>
<arg>${user}[password]</arg>
<tag>PageContent</tag>
<tag>Setter</tag>
<doc>Clears and fills the given ``txt`` into the text field found by ``selector``.</doc>
<msg timestamp="20231007 01:41:36.699" level="INFO">Fills the text 'pwd123' in the given field.</msg>
<status status="PASS" starttime="20231007 01:41:36.697" endtime="20231007 01:41:36.712"/>
</kw>
<kw name="Click" library="Browser">
<arg>id=buttonSignup</arg>
<tag>PageContent</tag>
<tag>Setter</tag>
<doc>Simulates mouse click on the element found by ``selector``.</doc>
<status status="PASS" starttime="20231007 01:41:36.712" endtime="20231007 01:41:36.774"/>
</kw>
<kw name="Wait For Elements State" library="Browser">
<arg>css=.notice p</arg>
<arg>visible</arg>
<arg>5</arg>
<tag>PageContent</tag>
<tag>Wait</tag>
<doc>Waits for the element found by ``selector`` to satisfy state option.</doc>
<msg timestamp="20231007 01:41:37.114" level="INFO">Waited for Element with selector css=.notice p at state visible</msg>
<status status="PASS" starttime="20231007 01:41:36.774" endtime="20231007 01:41:37.114"/>
</kw>
<kw name="Get Text" library="Browser">
<arg>css=.notice p</arg>
<arg>equal</arg>
<arg>Boas vindas ao Mark85, o seu gerenciador de tarefas.</arg>
<tag>Assertion</tag>
<tag>Getter</tag>
<tag>PageContent</tag>
<doc>Returns text attribute of the element found by ``selector``.</doc>
<msg timestamp="20231007 01:41:37.131" level="INFO">Text: 'Boas vindas ao Mark85, o seu gerenciador de tarefas.'</msg>
<status status="PASS" starttime="20231007 01:41:37.115" endtime="20231007 01:41:37.131"/>
</kw>
<kw name="Take Screenshot" library="Browser" type="TEARDOWN">
<tag>PageContent</tag>
<doc>Takes a screenshot of the current window or element and saves it to disk.</doc>
<msg timestamp="20231007 01:41:37.443" level="INFO" html="true">&lt;/td&gt;&lt;/tr&gt;&lt;tr&gt;&lt;td colspan="3"&gt;&lt;a href="browser/screenshot/robotframework-browser-screenshot-1.png" target="_blank"&gt;&lt;img src="browser/screenshot/robotframework-browser-screenshot-1.png" width="800px"/&gt;&lt;/a&gt;</msg>
<status status="PASS" starttime="20231007 01:41:37.132" endtime="20231007 01:41:37.443"/>
</kw>
<status status="PASS" starttime="20231007 01:41:34.848" endtime="20231007 01:41:37.443"/>
</test>
<test id="s1-t2" name=" Não devo Cadastrar um usuário duplicado" line="39">
<kw name="Start Session" library="Base" type="SETUP">
<kw name="New Browser" library="Browser">
<arg>browser=chromium</arg>
<arg>headless=false</arg>
<tag>BrowserControl</tag>
<tag>Setter</tag>
<doc>Create a new playwright Browser with specified options.</doc>
<msg timestamp="20231007 01:41:37.503" level="INFO">Switching browser to browser=e67f12d5-bb0b-4f5a-b7bb-3ea71a3f365a</msg>
<msg timestamp="20231007 01:41:37.505" level="INFO">Successfully changed active browser</msg>
<msg timestamp="20231007 01:41:37.505" level="INFO">Reusing existing browser with id: browser=e67f12d5-bb0b-4f5a-b7bb-3ea71a3f365a</msg>
<status status="PASS" starttime="20231007 01:41:37.503" endtime="20231007 01:41:37.505"/>
</kw>
<kw name="New Page" library="Browser">
<arg>http://localhost:3000</arg>
<tag>BrowserControl</tag>
<tag>Setter</tag>
<doc>Open a new Page.</doc>
<msg timestamp="20231007 01:41:38.142" level="INFO">Successfully initialized new page object and opened url: http://localhost:3000</msg>
<msg timestamp="20231007 01:41:38.142" level="INFO">No context was open. New context was automatically opened when this page is created.</msg>
<status status="PASS" starttime="20231007 01:41:37.505" endtime="20231007 01:41:38.142"/>
</kw>
<status status="PASS" starttime="20231007 01:41:37.503" endtime="20231007 01:41:38.142"/>
</kw>
<kw name="Create Dictionary" library="BuiltIn">
<var>${user}</var>
<arg>name=Raoni Candido</arg>
<arg>email=raoni.Candidos@gmail.com</arg>
<arg>password=pwd123</arg>
<doc>Creates and returns a dictionary based on the given ``items``.</doc>
<msg timestamp="20231007 01:41:38.143" level="INFO">${user} = {'name': 'Raoni Candido', 'email': 'raoni.Candidos@gmail.com', 'password': 'pwd123'}</msg>
<status status="PASS" starttime="20231007 01:41:38.143" endtime="20231007 01:41:38.143"/>
</kw>
<kw name="Remove user from database" library="database">
<arg>${user}[email]</arg>
<msg timestamp="20231007 01:41:38.281" level="INFO">removind user by raoni.Candidos@gmail.com</msg>
<status status="PASS" starttime="20231007 01:41:38.143" endtime="20231007 01:41:38.281"/>
</kw>
<kw name="Insert user from database" library="database">
<arg>${user}</arg>
<msg timestamp="20231007 01:41:38.440" level="INFO">{'name': 'Raoni Candido', 'email': 'raoni.Candidos@gmail.com', 'password': 'pwd123', '_id': ObjectId('6520e18253f0507cf58ba43d')}</msg>
<status status="PASS" starttime="20231007 01:41:38.301" endtime="20231007 01:41:38.440"/>
</kw>
<kw name="Go To" library="Browser">
<arg>http://localhost:3000/signup</arg>
<tag>BrowserControl</tag>
<tag>Setter</tag>
<doc>Navigates to the given ``url``.</doc>
<msg timestamp="20231007 01:41:38.507" level="INFO">Successfully opened URL http://localhost:3000/signup</msg>
<status status="PASS" starttime="20231007 01:41:38.440" endtime="20231007 01:41:38.507"/>
</kw>
<kw name="Get Title" library="Browser">
<arg>equal</arg>
<arg>Mark85 by QAx</arg>
<tag>Assertion</tag>
<tag>Getter</tag>
<tag>PageContent</tag>
<doc>Returns the title of the current page.</doc>
<msg timestamp="20231007 01:41:38.526" level="INFO">Title: 'Mark85 by QAx'</msg>
<status status="PASS" starttime="20231007 01:41:38.507" endtime="20231007 01:41:38.526"/>
</kw>
<kw name="Wait For Elements State" library="Browser">
<arg>css=h1</arg>
<arg>visible</arg>
<arg>5</arg>
<tag>PageContent</tag>
<tag>Wait</tag>
<doc>Waits for the element found by ``selector`` to satisfy state option.</doc>
<msg timestamp="20231007 01:41:38.546" level="INFO">Waited for Element with selector css=h1 at state visible</msg>
<status status="PASS" starttime="20231007 01:41:38.526" endtime="20231007 01:41:38.546"/>
</kw>
<kw name="Get Text" library="Browser">
<arg>css=h1</arg>
<arg>equal</arg>
<arg>Faça seu cadastro</arg>
<tag>Assertion</tag>
<tag>Getter</tag>
<tag>PageContent</tag>
<doc>Returns text attribute of the element found by ``selector``.</doc>
<msg timestamp="20231007 01:41:38.567" level="INFO">Text: 'Faça seu cadastro'</msg>
<status status="PASS" starttime="20231007 01:41:38.547" endtime="20231007 01:41:38.567"/>
</kw>
<kw name="Fill Text" library="Browser">
<arg>id=name</arg>
<arg>${user}[name]</arg>
<tag>PageContent</tag>
<tag>Setter</tag>
<doc>Clears and fills the given ``txt`` into the text field found by ``selector``.</doc>
<msg timestamp="20231007 01:41:38.567" level="INFO">Fills the text 'Raoni Candido' in the given field.</msg>
<status status="PASS" starttime="20231007 01:41:38.567" endtime="20231007 01:41:38.586"/>
</kw>
<kw name="Fill Text" library="Browser">
<arg>id=email</arg>
<arg>${user}[email]</arg>
<tag>PageContent</tag>
<tag>Setter</tag>
<doc>Clears and fills the given ``txt`` into the text field found by ``selector``.</doc>
<msg timestamp="20231007 01:41:38.586" level="INFO">Fills the text 'raoni.Candidos@gmail.com' in the given field.</msg>
<status status="PASS" starttime="20231007 01:41:38.586" endtime="20231007 01:41:38.604"/>
</kw>
<kw name="Fill Text" library="Browser">
<arg>id=password</arg>
<arg>${user}[password]</arg>
<tag>PageContent</tag>
<tag>Setter</tag>
<doc>Clears and fills the given ``txt`` into the text field found by ``selector``.</doc>
<msg timestamp="20231007 01:41:38.605" level="INFO">Fills the text 'pwd123' in the given field.</msg>
<status status="PASS" starttime="20231007 01:41:38.605" endtime="20231007 01:41:38.619"/>
</kw>
<kw name="Click" library="Browser">
<arg>id=buttonSignup</arg>
<tag>PageContent</tag>
<tag>Setter</tag>
<doc>Simulates mouse click on the element found by ``selector``.</doc>
<status status="PASS" starttime="20231007 01:41:38.619" endtime="20231007 01:41:38.683"/>
</kw>
<kw name="Wait For Elements State" library="Browser">
<arg>css=.notice p</arg>
<arg>visible</arg>
<arg>5</arg>
<tag>PageContent</tag>
<tag>Wait</tag>
<doc>Waits for the element found by ``selector`` to satisfy state option.</doc>
<msg timestamp="20231007 01:41:38.907" level="INFO">Waited for Element with selector css=.notice p at state visible</msg>
<status status="PASS" starttime="20231007 01:41:38.683" endtime="20231007 01:41:38.907"/>
</kw>
<kw name="Get Text" library="Browser">
<arg>css=.notice p</arg>
<arg>equal</arg>
<arg>Oops! Já existe uma conta com o e-mail informado.</arg>
<tag>Assertion</tag>
<tag>Getter</tag>
<tag>PageContent</tag>
<doc>Returns text attribute of the element found by ``selector``.</doc>
<msg timestamp="20231007 01:41:38.931" level="INFO">Text: 'Oops! Já existe uma conta com o e-mail informado.'</msg>
<status status="PASS" starttime="20231007 01:41:38.908" endtime="20231007 01:41:38.931"/>
</kw>
<kw name="Take Screenshot" library="Browser" type="TEARDOWN">
<tag>PageContent</tag>
<doc>Takes a screenshot of the current window or element and saves it to disk.</doc>
<msg timestamp="20231007 01:41:39.155" level="INFO" html="true">&lt;/td&gt;&lt;/tr&gt;&lt;tr&gt;&lt;td colspan="3"&gt;&lt;a href="browser/screenshot/robotframework-browser-screenshot-2.png" target="_blank"&gt;&lt;img src="browser/screenshot/robotframework-browser-screenshot-2.png" width="800px"/&gt;&lt;/a&gt;</msg>
<status status="PASS" starttime="20231007 01:41:38.932" endtime="20231007 01:41:39.155"/>
</kw>
<tag>duplicado</tag>
<status status="PASS" starttime="20231007 01:41:37.500" endtime="20231007 01:41:39.156"/>
</test>
<kw name="Log" library="BuiltIn" type="TEARDOWN">
<arg>Ocorre depois da suite de testes</arg>
<doc>Logs the given message with the given level.</doc>
<msg timestamp="20231007 01:41:39.199" level="INFO">Ocorre depois da suite de testes</msg>
<status status="PASS" starttime="20231007 01:41:39.199" endtime="20231007 01:41:39.199"/>
</kw>
<doc>online</doc>
<status status="PASS" starttime="20231007 01:41:33.972" endtime="20231007 01:41:39.200"/>
</suite>
<statistics>
<total>
<stat pass="2" fail="0" skip="0">All Tests</stat>
</total>
<tag>
<stat pass="1" fail="0" skip="0">duplicado</stat>
</tag>
<suite>
<stat pass="2" fail="0" skip="0" id="s1" name="Signup">Signup</stat>
</suite>
</statistics>
<errors>
</errors>
</robot>
